<?xml version="1.0" encoding="UTF-8"?>
<testsuite xmlns:xsi="http://www.w3.org/2001/XMLSchema-instance" xsi:noNamespaceSchemaLocation="https://maven.apache.org/surefire/maven-surefire-plugin/xsd/surefire-test-report.xsd" name="com.itheima.ServiceTest" time="14.316" tests="2" errors="0" skipped="0" failures="0">
  <properties>
    <property name="sun.desktop" value="windows"/>
    <property name="awt.toolkit" value="sun.awt.windows.WToolkit"/>
    <property name="file.encoding.pkg" value="sun.io"/>
    <property name="java.specification.version" value="1.8"/>
    <property name="sun.cpu.isalist" value="amd64"/>
    <property name="sun.jnu.encoding" value="GBK"/>
    <property name="java.class.path" value="D:\Users\yqwld\ideaProject\innovation\target\test-classes;D:\Users\yqwld\ideaProject\innovation\target\classes;D:\Program Files (x86)\Tencent\environment\apache-maven-3.6.3\m2\repository\org\springframework\boot\spring-boot-starter-web\2.5.4\spring-boot-starter-web-2.5.4.jar;D:\Program Files (x86)\Tencent\environment\apache-maven-3.6.3\m2\repository\org\springframework\boot\spring-boot-starter\2.5.4\spring-boot-starter-2.5.4.jar;D:\Program Files (x86)\Tencent\environment\apache-maven-3.6.3\m2\repository\org\springframework\boot\spring-boot\2.5.4\spring-boot-2.5.4.jar;D:\Program Files (x86)\Tencent\environment\apache-maven-3.6.3\m2\repository\org\springframework\boot\spring-boot-starter-logging\2.5.4\spring-boot-starter-logging-2.5.4.jar;D:\Program Files (x86)\Tencent\environment\apache-maven-3.6.3\m2\repository\ch\qos\logback\logback-classic\1.2.5\logback-classic-1.2.5.jar;D:\Program Files (x86)\Tencent\environment\apache-maven-3.6.3\m2\repository\ch\qos\logback\logback-core\1.2.5\logback-core-1.2.5.jar;D:\Program Files (x86)\Tencent\environment\apache-maven-3.6.3\m2\repository\org\apache\logging\log4j\log4j-to-slf4j\2.14.1\log4j-to-slf4j-2.14.1.jar;D:\Program Files (x86)\Tencent\environment\apache-maven-3.6.3\m2\repository\org\apache\logging\log4j\log4j-api\2.14.1\log4j-api-2.14.1.jar;D:\Program Files (x86)\Tencent\environment\apache-maven-3.6.3\m2\repository\org\slf4j\jul-to-slf4j\1.7.32\jul-to-slf4j-1.7.32.jar;D:\Program Files (x86)\Tencent\environment\apache-maven-3.6.3\m2\repository\jakarta\annotation\jakarta.annotation-api\1.3.5\jakarta.annotation-api-1.3.5.jar;D:\Program Files (x86)\Tencent\environment\apache-maven-3.6.3\m2\repository\org\yaml\snakeyaml\1.28\snakeyaml-1.28.jar;D:\Program Files (x86)\Tencent\environment\apache-maven-3.6.3\m2\repository\org\springframework\boot\spring-boot-starter-json\2.5.4\spring-boot-starter-json-2.5.4.jar;D:\Program Files (x86)\Tencent\environment\apache-maven-3.6.3\m2\repository\com\fasterxml\jackson\core\jackson-databind\2.12.4\jackson-databind-2.12.4.jar;D:\Program Files (x86)\Tencent\environment\apache-maven-3.6.3\m2\repository\com\fasterxml\jackson\core\jackson-annotations\2.12.4\jackson-annotations-2.12.4.jar;D:\Program Files (x86)\Tencent\environment\apache-maven-3.6.3\m2\repository\com\fasterxml\jackson\core\jackson-core\2.12.4\jackson-core-2.12.4.jar;D:\Program Files (x86)\Tencent\environment\apache-maven-3.6.3\m2\repository\com\fasterxml\jackson\datatype\jackson-datatype-jdk8\2.12.4\jackson-datatype-jdk8-2.12.4.jar;D:\Program Files (x86)\Tencent\environment\apache-maven-3.6.3\m2\repository\com\fasterxml\jackson\datatype\jackson-datatype-jsr310\2.12.4\jackson-datatype-jsr310-2.12.4.jar;D:\Program Files (x86)\Tencent\environment\apache-maven-3.6.3\m2\repository\com\fasterxml\jackson\module\jackson-module-parameter-names\2.12.4\jackson-module-parameter-names-2.12.4.jar;D:\Program Files (x86)\Tencent\environment\apache-maven-3.6.3\m2\repository\org\springframework\boot\spring-boot-starter-tomcat\2.5.4\spring-boot-starter-tomcat-2.5.4.jar;D:\Program Files (x86)\Tencent\environment\apache-maven-3.6.3\m2\repository\org\apache\tomcat\embed\tomcat-embed-core\9.0.52\tomcat-embed-core-9.0.52.jar;D:\Program Files (x86)\Tencent\environment\apache-maven-3.6.3\m2\repository\org\apache\tomcat\embed\tomcat-embed-el\9.0.52\tomcat-embed-el-9.0.52.jar;D:\Program Files (x86)\Tencent\environment\apache-maven-3.6.3\m2\repository\org\apache\tomcat\embed\tomcat-embed-websocket\9.0.52\tomcat-embed-websocket-9.0.52.jar;D:\Program Files (x86)\Tencent\environment\apache-maven-3.6.3\m2\repository\org\springframework\spring-web\5.3.9\spring-web-5.3.9.jar;D:\Program Files (x86)\Tencent\environment\apache-maven-3.6.3\m2\repository\org\springframework\spring-beans\5.3.9\spring-beans-5.3.9.jar;D:\Program Files (x86)\Tencent\environment\apache-maven-3.6.3\m2\repository\org\springframework\spring-webmvc\5.3.9\spring-webmvc-5.3.9.jar;D:\Program Files (x86)\Tencent\environment\apache-maven-3.6.3\m2\repository\org\springframework\spring-aop\5.3.9\spring-aop-5.3.9.jar;D:\Program Files (x86)\Tencent\environment\apache-maven-3.6.3\m2\repository\org\springframework\spring-context\5.3.9\spring-context-5.3.9.jar;D:\Program Files (x86)\Tencent\environment\apache-maven-3.6.3\m2\repository\org\springframework\spring-expression\5.3.9\spring-expression-5.3.9.jar;D:\Program Files (x86)\Tencent\environment\apache-maven-3.6.3\m2\repository\org\springframework\boot\spring-boot-starter-thymeleaf\2.5.4\spring-boot-starter-thymeleaf-2.5.4.jar;D:\Program Files (x86)\Tencent\environment\apache-maven-3.6.3\m2\repository\org\thymeleaf\thymeleaf-spring5\3.0.12.RELEASE\thymeleaf-spring5-3.0.12.RELEASE.jar;D:\Program Files (x86)\Tencent\environment\apache-maven-3.6.3\m2\repository\org\thymeleaf\thymeleaf\3.0.12.RELEASE\thymeleaf-3.0.12.RELEASE.jar;D:\Program Files (x86)\Tencent\environment\apache-maven-3.6.3\m2\repository\org\attoparser\attoparser\2.0.5.RELEASE\attoparser-2.0.5.RELEASE.jar;D:\Program Files (x86)\Tencent\environment\apache-maven-3.6.3\m2\repository\org\unbescape\unbescape\1.1.6.RELEASE\unbescape-1.1.6.RELEASE.jar;D:\Program Files (x86)\Tencent\environment\apache-maven-3.6.3\m2\repository\org\thymeleaf\extras\thymeleaf-extras-java8time\3.0.4.RELEASE\thymeleaf-extras-java8time-3.0.4.RELEASE.jar;D:\Program Files (x86)\Tencent\environment\apache-maven-3.6.3\m2\repository\net\sourceforge\nekohtml\nekohtml\1.9.22\nekohtml-1.9.22.jar;D:\Program Files (x86)\Tencent\environment\apache-maven-3.6.3\m2\repository\xerces\xercesImpl\2.11.0\xercesImpl-2.11.0.jar;D:\Program Files (x86)\Tencent\environment\apache-maven-3.6.3\m2\repository\xml-apis\xml-apis\1.4.01\xml-apis-1.4.01.jar;D:\Program Files (x86)\Tencent\environment\apache-maven-3.6.3\m2\repository\org\apache\poi\poi\3.15\poi-3.15.jar;D:\Program Files (x86)\Tencent\environment\apache-maven-3.6.3\m2\repository\commons-codec\commons-codec\1.15\commons-codec-1.15.jar;D:\Program Files (x86)\Tencent\environment\apache-maven-3.6.3\m2\repository\org\apache\commons\commons-collections4\4.1\commons-collections4-4.1.jar;D:\Program Files (x86)\Tencent\environment\apache-maven-3.6.3\m2\repository\com\baomidou\mybatis-plus-boot-starter\3.4.3\mybatis-plus-boot-starter-3.4.3.jar;D:\Program Files (x86)\Tencent\environment\apache-maven-3.6.3\m2\repository\com\baomidou\mybatis-plus\3.4.3\mybatis-plus-3.4.3.jar;D:\Program Files (x86)\Tencent\environment\apache-maven-3.6.3\m2\repository\com\baomidou\mybatis-plus-extension\3.4.3\mybatis-plus-extension-3.4.3.jar;D:\Program Files (x86)\Tencent\environment\apache-maven-3.6.3\m2\repository\com\baomidou\mybatis-plus-core\3.4.3\mybatis-plus-core-3.4.3.jar;D:\Program Files (x86)\Tencent\environment\apache-maven-3.6.3\m2\repository\com\baomidou\mybatis-plus-annotation\3.4.3\mybatis-plus-annotation-3.4.3.jar;D:\Program Files (x86)\Tencent\environment\apache-maven-3.6.3\m2\repository\com\github\jsqlparser\jsqlparser\4.0\jsqlparser-4.0.jar;D:\Program Files (x86)\Tencent\environment\apache-maven-3.6.3\m2\repository\org\mybatis\mybatis\3.5.7\mybatis-3.5.7.jar;D:\Program Files (x86)\Tencent\environment\apache-maven-3.6.3\m2\repository\org\mybatis\mybatis-spring\2.0.6\mybatis-spring-2.0.6.jar;D:\Program Files (x86)\Tencent\environment\apache-maven-3.6.3\m2\repository\org\springframework\boot\spring-boot-autoconfigure\2.5.4\spring-boot-autoconfigure-2.5.4.jar;D:\Program Files (x86)\Tencent\environment\apache-maven-3.6.3\m2\repository\org\springframework\boot\spring-boot-starter-jdbc\2.5.4\spring-boot-starter-jdbc-2.5.4.jar;D:\Program Files (x86)\Tencent\environment\apache-maven-3.6.3\m2\repository\com\zaxxer\HikariCP\4.0.3\HikariCP-4.0.3.jar;D:\Program Files (x86)\Tencent\environment\apache-maven-3.6.3\m2\repository\org\springframework\spring-jdbc\5.3.9\spring-jdbc-5.3.9.jar;D:\Program Files (x86)\Tencent\environment\apache-maven-3.6.3\m2\repository\org\springframework\spring-tx\5.3.9\spring-tx-5.3.9.jar;D:\Program Files (x86)\Tencent\environment\apache-maven-3.6.3\m2\repository\com\alibaba\druid-spring-boot-starter\1.2.6\druid-spring-boot-starter-1.2.6.jar;D:\Program Files (x86)\Tencent\environment\apache-maven-3.6.3\m2\repository\com\alibaba\druid\1.2.6\druid-1.2.6.jar;D:\Program Files (x86)\Tencent\environment\apache-maven-3.6.3\m2\repository\org\slf4j\slf4j-api\1.7.32\slf4j-api-1.7.32.jar;D:\Program Files (x86)\Tencent\environment\apache-maven-3.6.3\m2\repository\mysql\mysql-connector-java\8.0.26\mysql-connector-java-8.0.26.jar;D:\Program Files (x86)\Tencent\environment\apache-maven-3.6.3\m2\repository\org\projectlombok\lombok\1.18.20\lombok-1.18.20.jar;D:\Program Files (x86)\Tencent\environment\apache-maven-3.6.3\m2\repository\org\springframework\boot\spring-boot-starter-test\2.5.4\spring-boot-starter-test-2.5.4.jar;D:\Program Files (x86)\Tencent\environment\apache-maven-3.6.3\m2\repository\org\springframework\boot\spring-boot-test\2.5.4\spring-boot-test-2.5.4.jar;D:\Program Files (x86)\Tencent\environment\apache-maven-3.6.3\m2\repository\org\springframework\boot\spring-boot-test-autoconfigure\2.5.4\spring-boot-test-autoconfigure-2.5.4.jar;D:\Program Files (x86)\Tencent\environment\apache-maven-3.6.3\m2\repository\com\jayway\jsonpath\json-path\2.5.0\json-path-2.5.0.jar;D:\Program Files (x86)\Tencent\environment\apache-maven-3.6.3\m2\repository\net\minidev\json-smart\2.4.7\json-smart-2.4.7.jar;D:\Program Files (x86)\Tencent\environment\apache-maven-3.6.3\m2\repository\net\minidev\accessors-smart\2.4.7\accessors-smart-2.4.7.jar;D:\Program Files (x86)\Tencent\environment\apache-maven-3.6.3\m2\repository\org\ow2\asm\asm\9.1\asm-9.1.jar;D:\Program Files (x86)\Tencent\environment\apache-maven-3.6.3\m2\repository\jakarta\xml\bind\jakarta.xml.bind-api\2.3.3\jakarta.xml.bind-api-2.3.3.jar;D:\Program Files (x86)\Tencent\environment\apache-maven-3.6.3\m2\repository\jakarta\activation\jakarta.activation-api\1.2.2\jakarta.activation-api-1.2.2.jar;D:\Program Files (x86)\Tencent\environment\apache-maven-3.6.3\m2\repository\org\assertj\assertj-core\3.19.0\assertj-core-3.19.0.jar;D:\Program Files (x86)\Tencent\environment\apache-maven-3.6.3\m2\repository\org\hamcrest\hamcrest\2.2\hamcrest-2.2.jar;D:\Program Files (x86)\Tencent\environment\apache-maven-3.6.3\m2\repository\org\mockito\mockito-core\3.9.0\mockito-core-3.9.0.jar;D:\Program Files (x86)\Tencent\environment\apache-maven-3.6.3\m2\repository\net\bytebuddy\byte-buddy\1.10.22\byte-buddy-1.10.22.jar;D:\Program Files (x86)\Tencent\environment\apache-maven-3.6.3\m2\repository\net\bytebuddy\byte-buddy-agent\1.10.22\byte-buddy-agent-1.10.22.jar;D:\Program Files (x86)\Tencent\environment\apache-maven-3.6.3\m2\repository\org\objenesis\objenesis\3.2\objenesis-3.2.jar;D:\Program Files (x86)\Tencent\environment\apache-maven-3.6.3\m2\repository\org\mockito\mockito-junit-jupiter\3.9.0\mockito-junit-jupiter-3.9.0.jar;D:\Program Files (x86)\Tencent\environment\apache-maven-3.6.3\m2\repository\org\skyscreamer\jsonassert\1.5.0\jsonassert-1.5.0.jar;D:\Program Files (x86)\Tencent\environment\apache-maven-3.6.3\m2\repository\com\vaadin\external\google\android-json\0.0.20131108.vaadin1\android-json-0.0.20131108.vaadin1.jar;D:\Program Files (x86)\Tencent\environment\apache-maven-3.6.3\m2\repository\org\springframework\spring-core\5.3.9\spring-core-5.3.9.jar;D:\Program Files (x86)\Tencent\environment\apache-maven-3.6.3\m2\repository\org\springframework\spring-jcl\5.3.9\spring-jcl-5.3.9.jar;D:\Program Files (x86)\Tencent\environment\apache-maven-3.6.3\m2\repository\org\springframework\spring-test\5.3.9\spring-test-5.3.9.jar;D:\Program Files (x86)\Tencent\environment\apache-maven-3.6.3\m2\repository\org\xmlunit\xmlunit-core\2.8.2\xmlunit-core-2.8.2.jar;D:\Program Files (x86)\Tencent\environment\apache-maven-3.6.3\m2\repository\org\junit\jupiter\junit-jupiter\5.8.2\junit-jupiter-5.8.2.jar;D:\Program Files (x86)\Tencent\environment\apache-maven-3.6.3\m2\repository\org\junit\jupiter\junit-jupiter-api\5.7.2\junit-jupiter-api-5.7.2.jar;D:\Program Files (x86)\Tencent\environment\apache-maven-3.6.3\m2\repository\org\apiguardian\apiguardian-api\1.1.0\apiguardian-api-1.1.0.jar;D:\Program Files (x86)\Tencent\environment\apache-maven-3.6.3\m2\repository\org\opentest4j\opentest4j\1.2.0\opentest4j-1.2.0.jar;D:\Program Files (x86)\Tencent\environment\apache-maven-3.6.3\m2\repository\org\junit\platform\junit-platform-commons\1.7.2\junit-platform-commons-1.7.2.jar;D:\Program Files (x86)\Tencent\environment\apache-maven-3.6.3\m2\repository\org\junit\jupiter\junit-jupiter-params\5.7.2\junit-jupiter-params-5.7.2.jar;D:\Program Files (x86)\Tencent\environment\apache-maven-3.6.3\m2\repository\org\junit\jupiter\junit-jupiter-engine\5.7.2\junit-jupiter-engine-5.7.2.jar;D:\Program Files (x86)\Tencent\environment\apache-maven-3.6.3\m2\repository\org\junit\platform\junit-platform-engine\1.7.2\junit-platform-engine-1.7.2.jar;"/>
    <property name="java.vm.vendor" value="Oracle Corporation"/>
    <property name="sun.arch.data.model" value="64"/>
    <property name="user.variant" value=""/>
    <property name="java.vendor.url" value="http://java.oracle.com/"/>
    <property name="user.timezone" value="GMT+08:00"/>
    <property name="java.vm.specification.version" value="1.8"/>
    <property name="os.name" value="Windows 10"/>
    <property name="user.country" value="CN"/>
    <property name="sun.java.launcher" value="SUN_STANDARD"/>
    <property name="sun.boot.library.path" value="C:\Program Files\Java\jdk1.8.0_281\jre\bin"/>
    <property name="sun.java.command" value="C:\Users\yqwld\AppData\Local\Temp\surefire3657182215339599608\surefirebooter6350321406317155903.jar C:\Users\yqwld\AppData\Local\Temp\surefire3657182215339599608 2022-05-13T21-54-11_483-jvmRun1 surefire1793197747242331930tmp surefire_01534447079460176766tmp"/>
    <property name="surefire.test.class.path" value="D:\Users\yqwld\ideaProject\innovation\target\test-classes;D:\Users\yqwld\ideaProject\innovation\target\classes;D:\Program Files (x86)\Tencent\environment\apache-maven-3.6.3\m2\repository\org\springframework\boot\spring-boot-starter-web\2.5.4\spring-boot-starter-web-2.5.4.jar;D:\Program Files (x86)\Tencent\environment\apache-maven-3.6.3\m2\repository\org\springframework\boot\spring-boot-starter\2.5.4\spring-boot-starter-2.5.4.jar;D:\Program Files (x86)\Tencent\environment\apache-maven-3.6.3\m2\repository\org\springframework\boot\spring-boot\2.5.4\spring-boot-2.5.4.jar;D:\Program Files (x86)\Tencent\environment\apache-maven-3.6.3\m2\repository\org\springframework\boot\spring-boot-starter-logging\2.5.4\spring-boot-starter-logging-2.5.4.jar;D:\Program Files (x86)\Tencent\environment\apache-maven-3.6.3\m2\repository\ch\qos\logback\logback-classic\1.2.5\logback-classic-1.2.5.jar;D:\Program Files (x86)\Tencent\environment\apache-maven-3.6.3\m2\repository\ch\qos\logback\logback-core\1.2.5\logback-core-1.2.5.jar;D:\Program Files (x86)\Tencent\environment\apache-maven-3.6.3\m2\repository\org\apache\logging\log4j\log4j-to-slf4j\2.14.1\log4j-to-slf4j-2.14.1.jar;D:\Program Files (x86)\Tencent\environment\apache-maven-3.6.3\m2\repository\org\apache\logging\log4j\log4j-api\2.14.1\log4j-api-2.14.1.jar;D:\Program Files (x86)\Tencent\environment\apache-maven-3.6.3\m2\repository\org\slf4j\jul-to-slf4j\1.7.32\jul-to-slf4j-1.7.32.jar;D:\Program Files (x86)\Tencent\environment\apache-maven-3.6.3\m2\repository\jakarta\annotation\jakarta.annotation-api\1.3.5\jakarta.annotation-api-1.3.5.jar;D:\Program Files (x86)\Tencent\environment\apache-maven-3.6.3\m2\repository\org\yaml\snakeyaml\1.28\snakeyaml-1.28.jar;D:\Program Files (x86)\Tencent\environment\apache-maven-3.6.3\m2\repository\org\springframework\boot\spring-boot-starter-json\2.5.4\spring-boot-starter-json-2.5.4.jar;D:\Program Files (x86)\Tencent\environment\apache-maven-3.6.3\m2\repository\com\fasterxml\jackson\core\jackson-databind\2.12.4\jackson-databind-2.12.4.jar;D:\Program Files (x86)\Tencent\environment\apache-maven-3.6.3\m2\repository\com\fasterxml\jackson\core\jackson-annotations\2.12.4\jackson-annotations-2.12.4.jar;D:\Program Files (x86)\Tencent\environment\apache-maven-3.6.3\m2\repository\com\fasterxml\jackson\core\jackson-core\2.12.4\jackson-core-2.12.4.jar;D:\Program Files (x86)\Tencent\environment\apache-maven-3.6.3\m2\repository\com\fasterxml\jackson\datatype\jackson-datatype-jdk8\2.12.4\jackson-datatype-jdk8-2.12.4.jar;D:\Program Files (x86)\Tencent\environment\apache-maven-3.6.3\m2\repository\com\fasterxml\jackson\datatype\jackson-datatype-jsr310\2.12.4\jackson-datatype-jsr310-2.12.4.jar;D:\Program Files (x86)\Tencent\environment\apache-maven-3.6.3\m2\repository\com\fasterxml\jackson\module\jackson-module-parameter-names\2.12.4\jackson-module-parameter-names-2.12.4.jar;D:\Program Files (x86)\Tencent\environment\apache-maven-3.6.3\m2\repository\org\springframework\boot\spring-boot-starter-tomcat\2.5.4\spring-boot-starter-tomcat-2.5.4.jar;D:\Program Files (x86)\Tencent\environment\apache-maven-3.6.3\m2\repository\org\apache\tomcat\embed\tomcat-embed-core\9.0.52\tomcat-embed-core-9.0.52.jar;D:\Program Files (x86)\Tencent\environment\apache-maven-3.6.3\m2\repository\org\apache\tomcat\embed\tomcat-embed-el\9.0.52\tomcat-embed-el-9.0.52.jar;D:\Program Files (x86)\Tencent\environment\apache-maven-3.6.3\m2\repository\org\apache\tomcat\embed\tomcat-embed-websocket\9.0.52\tomcat-embed-websocket-9.0.52.jar;D:\Program Files (x86)\Tencent\environment\apache-maven-3.6.3\m2\repository\org\springframework\spring-web\5.3.9\spring-web-5.3.9.jar;D:\Program Files (x86)\Tencent\environment\apache-maven-3.6.3\m2\repository\org\springframework\spring-beans\5.3.9\spring-beans-5.3.9.jar;D:\Program Files (x86)\Tencent\environment\apache-maven-3.6.3\m2\repository\org\springframework\spring-webmvc\5.3.9\spring-webmvc-5.3.9.jar;D:\Program Files (x86)\Tencent\environment\apache-maven-3.6.3\m2\repository\org\springframework\spring-aop\5.3.9\spring-aop-5.3.9.jar;D:\Program Files (x86)\Tencent\environment\apache-maven-3.6.3\m2\repository\org\springframework\spring-context\5.3.9\spring-context-5.3.9.jar;D:\Program Files (x86)\Tencent\environment\apache-maven-3.6.3\m2\repository\org\springframework\spring-expression\5.3.9\spring-expression-5.3.9.jar;D:\Program Files (x86)\Tencent\environment\apache-maven-3.6.3\m2\repository\org\springframework\boot\spring-boot-starter-thymeleaf\2.5.4\spring-boot-starter-thymeleaf-2.5.4.jar;D:\Program Files (x86)\Tencent\environment\apache-maven-3.6.3\m2\repository\org\thymeleaf\thymeleaf-spring5\3.0.12.RELEASE\thymeleaf-spring5-3.0.12.RELEASE.jar;D:\Program Files (x86)\Tencent\environment\apache-maven-3.6.3\m2\repository\org\thymeleaf\thymeleaf\3.0.12.RELEASE\thymeleaf-3.0.12.RELEASE.jar;D:\Program Files (x86)\Tencent\environment\apache-maven-3.6.3\m2\repository\org\attoparser\attoparser\2.0.5.RELEASE\attoparser-2.0.5.RELEASE.jar;D:\Program Files (x86)\Tencent\environment\apache-maven-3.6.3\m2\repository\org\unbescape\unbescape\1.1.6.RELEASE\unbescape-1.1.6.RELEASE.jar;D:\Program Files (x86)\Tencent\environment\apache-maven-3.6.3\m2\repository\org\thymeleaf\extras\thymeleaf-extras-java8time\3.0.4.RELEASE\thymeleaf-extras-java8time-3.0.4.RELEASE.jar;D:\Program Files (x86)\Tencent\environment\apache-maven-3.6.3\m2\repository\net\sourceforge\nekohtml\nekohtml\1.9.22\nekohtml-1.9.22.jar;D:\Program Files (x86)\Tencent\environment\apache-maven-3.6.3\m2\repository\xerces\xercesImpl\2.11.0\xercesImpl-2.11.0.jar;D:\Program Files (x86)\Tencent\environment\apache-maven-3.6.3\m2\repository\xml-apis\xml-apis\1.4.01\xml-apis-1.4.01.jar;D:\Program Files (x86)\Tencent\environment\apache-maven-3.6.3\m2\repository\org\apache\poi\poi\3.15\poi-3.15.jar;D:\Program Files (x86)\Tencent\environment\apache-maven-3.6.3\m2\repository\commons-codec\commons-codec\1.15\commons-codec-1.15.jar;D:\Program Files (x86)\Tencent\environment\apache-maven-3.6.3\m2\repository\org\apache\commons\commons-collections4\4.1\commons-collections4-4.1.jar;D:\Program Files (x86)\Tencent\environment\apache-maven-3.6.3\m2\repository\com\baomidou\mybatis-plus-boot-starter\3.4.3\mybatis-plus-boot-starter-3.4.3.jar;D:\Program Files (x86)\Tencent\environment\apache-maven-3.6.3\m2\repository\com\baomidou\mybatis-plus\3.4.3\mybatis-plus-3.4.3.jar;D:\Program Files (x86)\Tencent\environment\apache-maven-3.6.3\m2\repository\com\baomidou\mybatis-plus-extension\3.4.3\mybatis-plus-extension-3.4.3.jar;D:\Program Files (x86)\Tencent\environment\apache-maven-3.6.3\m2\repository\com\baomidou\mybatis-plus-core\3.4.3\mybatis-plus-core-3.4.3.jar;D:\Program Files (x86)\Tencent\environment\apache-maven-3.6.3\m2\repository\com\baomidou\mybatis-plus-annotation\3.4.3\mybatis-plus-annotation-3.4.3.jar;D:\Program Files (x86)\Tencent\environment\apache-maven-3.6.3\m2\repository\com\github\jsqlparser\jsqlparser\4.0\jsqlparser-4.0.jar;D:\Program Files (x86)\Tencent\environment\apache-maven-3.6.3\m2\repository\org\mybatis\mybatis\3.5.7\mybatis-3.5.7.jar;D:\Program Files (x86)\Tencent\environment\apache-maven-3.6.3\m2\repository\org\mybatis\mybatis-spring\2.0.6\mybatis-spring-2.0.6.jar;D:\Program Files (x86)\Tencent\environment\apache-maven-3.6.3\m2\repository\org\springframework\boot\spring-boot-autoconfigure\2.5.4\spring-boot-autoconfigure-2.5.4.jar;D:\Program Files (x86)\Tencent\environment\apache-maven-3.6.3\m2\repository\org\springframework\boot\spring-boot-starter-jdbc\2.5.4\spring-boot-starter-jdbc-2.5.4.jar;D:\Program Files (x86)\Tencent\environment\apache-maven-3.6.3\m2\repository\com\zaxxer\HikariCP\4.0.3\HikariCP-4.0.3.jar;D:\Program Files (x86)\Tencent\environment\apache-maven-3.6.3\m2\repository\org\springframework\spring-jdbc\5.3.9\spring-jdbc-5.3.9.jar;D:\Program Files (x86)\Tencent\environment\apache-maven-3.6.3\m2\repository\org\springframework\spring-tx\5.3.9\spring-tx-5.3.9.jar;D:\Program Files (x86)\Tencent\environment\apache-maven-3.6.3\m2\repository\com\alibaba\druid-spring-boot-starter\1.2.6\druid-spring-boot-starter-1.2.6.jar;D:\Program Files (x86)\Tencent\environment\apache-maven-3.6.3\m2\repository\com\alibaba\druid\1.2.6\druid-1.2.6.jar;D:\Program Files (x86)\Tencent\environment\apache-maven-3.6.3\m2\repository\org\slf4j\slf4j-api\1.7.32\slf4j-api-1.7.32.jar;D:\Program Files (x86)\Tencent\environment\apache-maven-3.6.3\m2\repository\mysql\mysql-connector-java\8.0.26\mysql-connector-java-8.0.26.jar;D:\Program Files (x86)\Tencent\environment\apache-maven-3.6.3\m2\repository\org\projectlombok\lombok\1.18.20\lombok-1.18.20.jar;D:\Program Files (x86)\Tencent\environment\apache-maven-3.6.3\m2\repository\org\springframework\boot\spring-boot-starter-test\2.5.4\spring-boot-starter-test-2.5.4.jar;D:\Program Files (x86)\Tencent\environment\apache-maven-3.6.3\m2\repository\org\springframework\boot\spring-boot-test\2.5.4\spring-boot-test-2.5.4.jar;D:\Program Files (x86)\Tencent\environment\apache-maven-3.6.3\m2\repository\org\springframework\boot\spring-boot-test-autoconfigure\2.5.4\spring-boot-test-autoconfigure-2.5.4.jar;D:\Program Files (x86)\Tencent\environment\apache-maven-3.6.3\m2\repository\com\jayway\jsonpath\json-path\2.5.0\json-path-2.5.0.jar;D:\Program Files (x86)\Tencent\environment\apache-maven-3.6.3\m2\repository\net\minidev\json-smart\2.4.7\json-smart-2.4.7.jar;D:\Program Files (x86)\Tencent\environment\apache-maven-3.6.3\m2\repository\net\minidev\accessors-smart\2.4.7\accessors-smart-2.4.7.jar;D:\Program Files (x86)\Tencent\environment\apache-maven-3.6.3\m2\repository\org\ow2\asm\asm\9.1\asm-9.1.jar;D:\Program Files (x86)\Tencent\environment\apache-maven-3.6.3\m2\repository\jakarta\xml\bind\jakarta.xml.bind-api\2.3.3\jakarta.xml.bind-api-2.3.3.jar;D:\Program Files (x86)\Tencent\environment\apache-maven-3.6.3\m2\repository\jakarta\activation\jakarta.activation-api\1.2.2\jakarta.activation-api-1.2.2.jar;D:\Program Files (x86)\Tencent\environment\apache-maven-3.6.3\m2\repository\org\assertj\assertj-core\3.19.0\assertj-core-3.19.0.jar;D:\Program Files (x86)\Tencent\environment\apache-maven-3.6.3\m2\repository\org\hamcrest\hamcrest\2.2\hamcrest-2.2.jar;D:\Program Files (x86)\Tencent\environment\apache-maven-3.6.3\m2\repository\org\mockito\mockito-core\3.9.0\mockito-core-3.9.0.jar;D:\Program Files (x86)\Tencent\environment\apache-maven-3.6.3\m2\repository\net\bytebuddy\byte-buddy\1.10.22\byte-buddy-1.10.22.jar;D:\Program Files (x86)\Tencent\environment\apache-maven-3.6.3\m2\repository\net\bytebuddy\byte-buddy-agent\1.10.22\byte-buddy-agent-1.10.22.jar;D:\Program Files (x86)\Tencent\environment\apache-maven-3.6.3\m2\repository\org\objenesis\objenesis\3.2\objenesis-3.2.jar;D:\Program Files (x86)\Tencent\environment\apache-maven-3.6.3\m2\repository\org\mockito\mockito-junit-jupiter\3.9.0\mockito-junit-jupiter-3.9.0.jar;D:\Program Files (x86)\Tencent\environment\apache-maven-3.6.3\m2\repository\org\skyscreamer\jsonassert\1.5.0\jsonassert-1.5.0.jar;D:\Program Files (x86)\Tencent\environment\apache-maven-3.6.3\m2\repository\com\vaadin\external\google\android-json\0.0.20131108.vaadin1\android-json-0.0.20131108.vaadin1.jar;D:\Program Files (x86)\Tencent\environment\apache-maven-3.6.3\m2\repository\org\springframework\spring-core\5.3.9\spring-core-5.3.9.jar;D:\Program Files (x86)\Tencent\environment\apache-maven-3.6.3\m2\repository\org\springframework\spring-jcl\5.3.9\spring-jcl-5.3.9.jar;D:\Program Files (x86)\Tencent\environment\apache-maven-3.6.3\m2\repository\org\springframework\spring-test\5.3.9\spring-test-5.3.9.jar;D:\Program Files (x86)\Tencent\environment\apache-maven-3.6.3\m2\repository\org\xmlunit\xmlunit-core\2.8.2\xmlunit-core-2.8.2.jar;D:\Program Files (x86)\Tencent\environment\apache-maven-3.6.3\m2\repository\org\junit\jupiter\junit-jupiter\5.8.2\junit-jupiter-5.8.2.jar;D:\Program Files (x86)\Tencent\environment\apache-maven-3.6.3\m2\repository\org\junit\jupiter\junit-jupiter-api\5.7.2\junit-jupiter-api-5.7.2.jar;D:\Program Files (x86)\Tencent\environment\apache-maven-3.6.3\m2\repository\org\apiguardian\apiguardian-api\1.1.0\apiguardian-api-1.1.0.jar;D:\Program Files (x86)\Tencent\environment\apache-maven-3.6.3\m2\repository\org\opentest4j\opentest4j\1.2.0\opentest4j-1.2.0.jar;D:\Program Files (x86)\Tencent\environment\apache-maven-3.6.3\m2\repository\org\junit\platform\junit-platform-commons\1.7.2\junit-platform-commons-1.7.2.jar;D:\Program Files (x86)\Tencent\environment\apache-maven-3.6.3\m2\repository\org\junit\jupiter\junit-jupiter-params\5.7.2\junit-jupiter-params-5.7.2.jar;D:\Program Files (x86)\Tencent\environment\apache-maven-3.6.3\m2\repository\org\junit\jupiter\junit-jupiter-engine\5.7.2\junit-jupiter-engine-5.7.2.jar;D:\Program Files (x86)\Tencent\environment\apache-maven-3.6.3\m2\repository\org\junit\platform\junit-platform-engine\1.7.2\junit-platform-engine-1.7.2.jar;"/>
    <property name="sun.cpu.endian" value="little"/>
    <property name="user.home" value="C:\Users\yqwld"/>
    <property name="user.language" value="zh"/>
    <property name="java.specification.vendor" value="Oracle Corporation"/>
    <property name="java.home" value="C:\Program Files\Java\jdk1.8.0_281\jre"/>
    <property name="basedir" value="D:\Users\yqwld\ideaProject\innovation"/>
    <property name="file.separator" value="\"/>
    <property name="line.separator" value="&#10;"/>
    <property name="java.vm.specification.vendor" value="Oracle Corporation"/>
    <property name="java.specification.name" value="Java Platform API Specification"/>
    <property name="java.awt.graphicsenv" value="sun.awt.Win32GraphicsEnvironment"/>
    <property name="surefire.real.class.path" value="C:\Users\yqwld\AppData\Local\Temp\surefire3657182215339599608\surefirebooter6350321406317155903.jar"/>
    <property name="sun.boot.class.path" value="C:\Program Files\Java\jdk1.8.0_281\jre\lib\resources.jar;C:\Program Files\Java\jdk1.8.0_281\jre\lib\rt.jar;C:\Program Files\Java\jdk1.8.0_281\jre\lib\sunrsasign.jar;C:\Program Files\Java\jdk1.8.0_281\jre\lib\jsse.jar;C:\Program Files\Java\jdk1.8.0_281\jre\lib\jce.jar;C:\Program Files\Java\jdk1.8.0_281\jre\lib\charsets.jar;C:\Program Files\Java\jdk1.8.0_281\jre\lib\jfr.jar;C:\Program Files\Java\jdk1.8.0_281\jre\classes"/>
    <property name="user.script" value=""/>
    <property name="sun.management.compiler" value="HotSpot 64-Bit Tiered Compilers"/>
    <property name="java.runtime.version" value="1.8.0_281-b09"/>
    <property name="user.name" value="yqwld"/>
    <property name="path.separator" value=";"/>
    <property name="os.version" value="10.0"/>
    <property name="java.endorsed.dirs" value="C:\Program Files\Java\jdk1.8.0_281\jre\lib\endorsed"/>
    <property name="java.runtime.name" value="Java(TM) SE Runtime Environment"/>
    <property name="file.encoding" value="GBK"/>
    <property name="java.vm.name" value="Java HotSpot(TM) 64-Bit Server VM"/>
    <property name="localRepository" value="D:\Program Files (x86)\Tencent\environment\apache-maven-3.6.3\m2\repository"/>
    <property name="java.vendor.url.bug" value="http://bugreport.sun.com/bugreport/"/>
    <property name="java.io.tmpdir" value="C:\Users\yqwld\AppData\Local\Temp\"/>
    <property name="idea.version" value="2021.1"/>
    <property name="java.version" value="1.8.0_281"/>
    <property name="user.dir" value="D:\Users\yqwld\ideaProject\innovation"/>
    <property name="os.arch" value="amd64"/>
    <property name="java.vm.specification.name" value="Java Virtual Machine Specification"/>
    <property name="java.awt.printerjob" value="sun.awt.windows.WPrinterJob"/>
    <property name="sun.os.patch.level" value=""/>
    <property name="java.library.path" value="C:\Program Files\Java\jdk1.8.0_281\jre\bin;C:\WINDOWS\Sun\Java\bin;C:\WINDOWS\system32;C:\WINDOWS;D:\app\yqwld\product\11.2.0\dbhome_1\bin;C:\Program Files (x86)\Common Files\Oracle\Java\javapath;C:\windows\system32;C:\windows;C:\windows\System32\Wbem;C:\windows\System32\WindowsPowerShell\v1.0\;C:\windows\System32\OpenSSH\;C:\Program Files (x86)\NVIDIA Corporation\PhysX\Common;C:\Program Files\Intel\WiFi\bin\;C:\Program Files\Common Files\Intel\WirelessCommon\;C:\Program Files\Java\jdk1.8.0_281\bin;C:\WINDOWS\system32;C:\WINDOWS;C:\WINDOWS\System32\Wbem;C:\WINDOWS\System32\WindowsPowerShell\v1.0\;C:\WINDOWS\System32\OpenSSH\;D:\mysql-8.0.23-winx64\bin;D:\Program Files (x86)\Tencent\environment\apache-tomcat-9.0.45\bin;D:\Program Files (x86)\Tencent\environment\apache-maven-3.6.3\bin;D:\Users\yqwld\Anaconda3;F:\workplace\;D:\ERlang\erl9.3\bin;E:\Program Files\;F:\wamp64\bin\mysql\mysql5.7.14\bin;C:\Program Files\MySQL\MySQL Server 8.0\bin;D:\Program Files (x86)\Tencent\environment\Git\cmd;C:\Users\yqwld\AppData\Local\Microsoft\WindowsApps;D:\Program Files (x86)\JetBrains\PyCharm Community Edition 2021.1.1\bin;;C:\Users\yqwld\AppData\Roaming\npm;."/>
    <property name="java.vm.info" value="mixed mode"/>
    <property name="java.vendor" value="Oracle Corporation"/>
    <property name="java.vm.version" value="25.281-b09"/>
    <property name="java.ext.dirs" value="C:\Program Files\Java\jdk1.8.0_281\jre\lib\ext;C:\WINDOWS\Sun\Java\lib\ext"/>
    <property name="sun.io.unicode.encoding" value="UnicodeLittle"/>
    <property name="java.class.version" value="52.0"/>
  </properties>
  <testcase name="selectAllApplyProjects4" classname="com.itheima.ServiceTest" time="3.648"/>
  <testcase name="selectAllApplyProjects" classname="com.itheima.ServiceTest" time="0.004"/>
</testsuite>